{
  "stats": {
    "suites": 1,
    "tests": 10,
    "passes": 10,
    "pending": 0,
    "failures": 0,
    "start": "2025-01-21T10:45:38.128Z",
    "end": "2025-01-21T10:45:59.221Z",
    "duration": 21093,
    "testsRegistered": 10,
    "passPercent": 100,
    "pendingPercent": 0,
    "other": 0,
    "hasOther": false,
    "skipped": 0,
    "hasSkipped": false
  },
  "results": [
    {
      "uuid": "4057a5d1-a8d6-4c52-8353-4bc766b96554",
      "title": "",
      "fullFile": "cypress\\integration\\olymp\\SmokeTest.js",
      "file": "cypress\\integration\\olymp\\SmokeTest.js",
      "beforeHooks": [],
      "afterHooks": [],
      "tests": [],
      "suites": [
        {
          "uuid": "4610415f-62aa-4f85-a76c-e2650ab6fd6f",
          "title": "Smoke Test - Pages",
          "fullFile": "",
          "file": "",
          "beforeHooks": [],
          "afterHooks": [],
          "tests": [
            {
              "title": "Logo Check",
              "fullTitle": "Smoke Test - Pages Logo Check",
              "timedOut": null,
              "duration": 1679,
              "state": "passed",
              "speed": "fast",
              "pass": true,
              "fail": false,
              "pending": false,
              "context": null,
              "code": "this.homepage.logoCheck();",
              "err": {},
              "uuid": "e613fbf2-dee7-468c-88b2-bf954ad68103",
              "parentUUID": "4610415f-62aa-4f85-a76c-e2650ab6fd6f",
              "isHook": false,
              "skipped": false
            },
            {
              "title": "Open Promotions Page",
              "fullTitle": "Smoke Test - Pages Open Promotions Page",
              "timedOut": null,
              "duration": 1459,
              "state": "passed",
              "speed": "fast",
              "pass": true,
              "fail": false,
              "pending": false,
              "context": null,
              "code": "cy.get(\"a\").contains(this.data.links[0].prom).click();\ncy.get(\"h1\").should(\"contain\", this.data.links[0].prom);",
              "err": {},
              "uuid": "02b256a9-64d8-400a-b6de-0a08622ca9ae",
              "parentUUID": "4610415f-62aa-4f85-a76c-e2650ab6fd6f",
              "isHook": false,
              "skipped": false
            },
            {
              "title": "Open Analysis Page",
              "fullTitle": "Smoke Test - Pages Open Analysis Page",
              "timedOut": null,
              "duration": 1701,
              "state": "passed",
              "speed": "fast",
              "pass": true,
              "fail": false,
              "pending": false,
              "context": null,
              "code": "cy.get(\"a\").contains(this.data.links[1].analysis).click();\ncy.get(\"h1\").should(\"contain\", this.data.links[1].analysis);",
              "err": {},
              "uuid": "59b47644-ed33-4384-a264-4e1548004343",
              "parentUUID": "4610415f-62aa-4f85-a76c-e2650ab6fd6f",
              "isHook": false,
              "skipped": false
            },
            {
              "title": "Open Locations Page",
              "fullTitle": "Smoke Test - Pages Open Locations Page",
              "timedOut": null,
              "duration": 1768,
              "state": "passed",
              "speed": "fast",
              "pass": true,
              "fail": false,
              "pending": false,
              "context": null,
              "code": "cy.get(\"a\").contains(this.data.links[2].location).click();\ncy.get(\"h1\").should(\"contain\", this.data.links[2].location);",
              "err": {},
              "uuid": "b25e0948-16a3-4d58-b70a-f2944f187744",
              "parentUUID": "4610415f-62aa-4f85-a76c-e2650ab6fd6f",
              "isHook": false,
              "skipped": false
            },
            {
              "title": "Open House Call Page",
              "fullTitle": "Smoke Test - Pages Open House Call Page",
              "timedOut": null,
              "duration": 1692,
              "state": "passed",
              "speed": "fast",
              "pass": true,
              "fail": false,
              "pending": false,
              "context": null,
              "code": "cy.get(\"a\").contains(this.data.links[3].call).click();\ncy.get(\"h1\").should(\"contain\", this.data.links[3].call);",
              "err": {},
              "uuid": "f2645bc2-b128-4983-b619-4522667b44e1",
              "parentUUID": "4610415f-62aa-4f85-a76c-e2650ab6fd6f",
              "isHook": false,
              "skipped": false
            },
            {
              "title": "Open About Page",
              "fullTitle": "Smoke Test - Pages Open About Page",
              "timedOut": null,
              "duration": 1790,
              "state": "passed",
              "speed": "fast",
              "pass": true,
              "fail": false,
              "pending": false,
              "context": null,
              "code": "cy.get(\"a\").contains(this.data.links[4].about).click();\ncy.get(\"h1\").should(\"contain\", this.data.links[4].about);",
              "err": {},
              "uuid": "43121914-3507-477d-a52a-6ae165cd7a98",
              "parentUUID": "4610415f-62aa-4f85-a76c-e2650ab6fd6f",
              "isHook": false,
              "skipped": false
            },
            {
              "title": "Open Franchise Page",
              "fullTitle": "Smoke Test - Pages Open Franchise Page",
              "timedOut": null,
              "duration": 1369,
              "state": "passed",
              "speed": "fast",
              "pass": true,
              "fail": false,
              "pending": false,
              "context": null,
              "code": "cy.get(\"a\").contains(this.data.links[5].franchise).click();\ncy.get(\"h1\").should(\"contain\", this.data.links[5].franchise);",
              "err": {},
              "uuid": "406a0e82-915a-42e4-bf9d-c4e7476b774e",
              "parentUUID": "4610415f-62aa-4f85-a76c-e2650ab6fd6f",
              "isHook": false,
              "skipped": false
            },
            {
              "title": "Open Results Page",
              "fullTitle": "Smoke Test - Pages Open Results Page",
              "timedOut": null,
              "duration": 1932,
              "state": "passed",
              "speed": "fast",
              "pass": true,
              "fail": false,
              "pending": false,
              "context": null,
              "code": "cy.get('a[href=\"/results\"]').filter(\":visible\").click();\ncy.get(\"h1\").should(\"contain\", \"Результаты анализов\");",
              "err": {},
              "uuid": "cbbdd3b0-c4ca-464e-bfd3-3abb0e9793a4",
              "parentUUID": "4610415f-62aa-4f85-a76c-e2650ab6fd6f",
              "isHook": false,
              "skipped": false
            },
            {
              "title": "Open Login Page",
              "fullTitle": "Smoke Test - Pages Open Login Page",
              "timedOut": null,
              "duration": 1424,
              "state": "passed",
              "speed": "fast",
              "pass": true,
              "fail": false,
              "pending": false,
              "context": null,
              "code": "cy.get('a[href=\"/login\"]').filter(\":visible\").click();\ncy.get(\"h1\").should(\"contain\", \"Войти в личный кабинет\");",
              "err": {},
              "uuid": "b6e9da18-ab40-4b7d-bc13-467cfa24fb2f",
              "parentUUID": "4610415f-62aa-4f85-a76c-e2650ab6fd6f",
              "isHook": false,
              "skipped": false
            },
            {
              "title": "ISO Check",
              "fullTitle": "Smoke Test - Pages ISO Check",
              "timedOut": null,
              "duration": 1385,
              "state": "passed",
              "speed": "fast",
              "pass": true,
              "fail": false,
              "pending": false,
              "context": null,
              "code": "this.homepage.isoCheck();",
              "err": {},
              "uuid": "55426e2d-0a51-4c48-bc4c-927d4a74bb7c",
              "parentUUID": "4610415f-62aa-4f85-a76c-e2650ab6fd6f",
              "isHook": false,
              "skipped": false
            }
          ],
          "suites": [],
          "passes": [
            "e613fbf2-dee7-468c-88b2-bf954ad68103",
            "02b256a9-64d8-400a-b6de-0a08622ca9ae",
            "59b47644-ed33-4384-a264-4e1548004343",
            "b25e0948-16a3-4d58-b70a-f2944f187744",
            "f2645bc2-b128-4983-b619-4522667b44e1",
            "43121914-3507-477d-a52a-6ae165cd7a98",
            "406a0e82-915a-42e4-bf9d-c4e7476b774e",
            "cbbdd3b0-c4ca-464e-bfd3-3abb0e9793a4",
            "b6e9da18-ab40-4b7d-bc13-467cfa24fb2f",
            "55426e2d-0a51-4c48-bc4c-927d4a74bb7c"
          ],
          "failures": [],
          "pending": [],
          "skipped": [],
          "duration": 16199,
          "root": false,
          "rootEmpty": false,
          "_timeout": 2000
        }
      ],
      "passes": [],
      "failures": [],
      "pending": [],
      "skipped": [],
      "duration": 0,
      "root": true,
      "rootEmpty": true,
      "_timeout": 2000
    }
  ],
  "meta": {
    "mocha": {
      "version": "7.0.1"
    },
    "mochawesome": {
      "options": {
        "quiet": false,
        "reportFilename": "mochawesome",
        "saveHtml": false,
        "saveJson": true,
        "consoleReporter": "spec",
        "useInlineDiffs": false,
        "code": true
      },
      "version": "7.1.3"
    },
    "marge": {
      "options": {
        "overwrite": false,
        "html": false,
        "json": true,
        "reportDir": "cypress\\reports\\html\\.jsons"
      },
      "version": "6.2.0"
    }
  }
}