{
  "stats": {
    "suites": 1,
    "tests": 6,
    "passes": 6,
    "pending": 0,
    "failures": 0,
    "start": "2025-01-09T12:29:22.905Z",
    "end": "2025-01-09T12:29:39.936Z",
    "duration": 17031,
    "testsRegistered": 6,
    "passPercent": 100,
    "pendingPercent": 0,
    "other": 0,
    "hasOther": false,
    "skipped": 0,
    "hasSkipped": false
  },
  "results": [
    {
      "uuid": "945ab6cd-dccf-43f2-b24a-e9510f7a52db",
      "title": "",
      "fullFile": "cypress\\integration\\olymp\\Homepage.js",
      "file": "cypress\\integration\\olymp\\Homepage.js",
      "beforeHooks": [],
      "afterHooks": [],
      "tests": [],
      "suites": [
        {
          "uuid": "42e66b27-4d58-4fc8-8c8c-7562b0c80334",
          "title": "Homepage",
          "fullFile": "",
          "file": "",
          "beforeHooks": [],
          "afterHooks": [],
          "tests": [
            {
              "title": "Open Home Page and Confirm City",
              "fullTitle": "Homepage Open Home Page and Confirm City",
              "timedOut": null,
              "duration": 2959,
              "state": "passed",
              "speed": "fast",
              "pass": true,
              "fail": false,
              "pending": false,
              "context": null,
              "code": "this.selectCity.confirmCity();",
              "err": {},
              "uuid": "34a87d17-8137-48a7-bf89-82f3a4136871",
              "parentUUID": "42e66b27-4d58-4fc8-8c8c-7562b0c80334",
              "isHook": false,
              "skipped": false
            },
            {
              "title": "Open Home Page and Search Main City",
              "fullTitle": "Homepage Open Home Page and Search Main City",
              "timedOut": null,
              "duration": 2295,
              "state": "passed",
              "speed": "fast",
              "pass": true,
              "fail": false,
              "pending": false,
              "context": null,
              "code": "this.selectCity.searchCity(this.data.main_city);",
              "err": {},
              "uuid": "77483cde-b96c-493a-8a17-1ee299d7b6a6",
              "parentUUID": "42e66b27-4d58-4fc8-8c8c-7562b0c80334",
              "isHook": false,
              "skipped": false
            },
            {
              "title": "Open Home Page and Search Region City",
              "fullTitle": "Homepage Open Home Page and Search Region City",
              "timedOut": null,
              "duration": 1770,
              "state": "passed",
              "speed": "fast",
              "pass": true,
              "fail": false,
              "pending": false,
              "context": null,
              "code": "this.selectCity.searchRegion(this.data.region_city);",
              "err": {},
              "uuid": "5e412f41-32f1-4275-9612-4dced6fdaebb",
              "parentUUID": "42e66b27-4d58-4fc8-8c8c-7562b0c80334",
              "isHook": false,
              "skipped": false
            },
            {
              "title": "Open Home Page and Select Region City",
              "fullTitle": "Homepage Open Home Page and Select Region City",
              "timedOut": null,
              "duration": 1851,
              "state": "passed",
              "speed": "fast",
              "pass": true,
              "fail": false,
              "pending": false,
              "context": null,
              "code": "this.selectCity.selectCity();",
              "err": {},
              "uuid": "45df9f57-e27f-47cd-85c2-db8faa15bc27",
              "parentUUID": "42e66b27-4d58-4fc8-8c8c-7562b0c80334",
              "isHook": false,
              "skipped": false
            },
            {
              "title": "Swich Language",
              "fullTitle": "Homepage Swich Language",
              "timedOut": null,
              "duration": 2649,
              "state": "passed",
              "speed": "fast",
              "pass": true,
              "fail": false,
              "pending": false,
              "context": null,
              "code": "this.selectCity.confirmCity();\ncy.get(\".select .select__preview\").should(\"contain\", \"ru\");\ncy.get(\".select\").eq(0).click();\ncy.get(\".select__list__elem\").contains(\"kz\").click();\ncy.get('h1[class=\"title\"]').should(\"contain\", this.data.title.kz);\ncy.get(\".select\").eq(0).click();\ncy.get(\".select__list__elem\").contains(\"en\").click();\ncy.get('h1[class=\"title\"]').should(\"contain\", this.data.title.en);\ncy.get(\".select\").eq(0).click();\ncy.get(\".select__list__elem\").contains(\"ru\").click();",
              "err": {},
              "uuid": "56c83286-8c14-4161-9c59-e88ce56af702",
              "parentUUID": "42e66b27-4d58-4fc8-8c8c-7562b0c80334",
              "isHook": false,
              "skipped": false
            },
            {
              "title": "Empty Cart Check",
              "fullTitle": "Homepage Empty Cart Check",
              "timedOut": null,
              "duration": 2396,
              "state": "passed",
              "speed": "fast",
              "pass": true,
              "fail": false,
              "pending": false,
              "context": null,
              "code": "this.selectCity.confirmCity();\ncy.get('.shop__card').click();\ncy.get('.shop__card__panel__main__empty').should('contain', 'Список услуг пуст');\n// open the cart page\ncy.get('.shop__card__panel__go').should('contain', 'Перейти в корзину').click();\ncy.get('.texts h1').should('contain', 'Ваша корзина пуста');\ncy.get('.texts .more').first().should('contain', 'Вы ещё не добавили ни одной услуги.');\ncy.get('.texts .more').eq(1).should('contain', 'Раздел «Анализы» поможет вам найти необходимое исследование.');\ncy.get('button').contains('Выбрать услуги').click();\ncy.get('.title').should('contain', 'Анализы');\ncy.get('a[href=\"/\"]').filter(':visible').click();",
              "err": {},
              "uuid": "dd24cd23-f0ec-49bf-a9ad-511377d355f1",
              "parentUUID": "42e66b27-4d58-4fc8-8c8c-7562b0c80334",
              "isHook": false,
              "skipped": false
            }
          ],
          "suites": [],
          "passes": [
            "34a87d17-8137-48a7-bf89-82f3a4136871",
            "77483cde-b96c-493a-8a17-1ee299d7b6a6",
            "5e412f41-32f1-4275-9612-4dced6fdaebb",
            "45df9f57-e27f-47cd-85c2-db8faa15bc27",
            "56c83286-8c14-4161-9c59-e88ce56af702",
            "dd24cd23-f0ec-49bf-a9ad-511377d355f1"
          ],
          "failures": [],
          "pending": [],
          "skipped": [],
          "duration": 13920,
          "root": false,
          "rootEmpty": false,
          "_timeout": 2000
        }
      ],
      "passes": [],
      "failures": [],
      "pending": [],
      "skipped": [],
      "duration": 0,
      "root": true,
      "rootEmpty": true,
      "_timeout": 2000
    }
  ],
  "meta": {
    "mocha": {
      "version": "7.0.1"
    },
    "mochawesome": {
      "options": {
        "quiet": false,
        "reportFilename": "mochawesome",
        "saveHtml": false,
        "saveJson": true,
        "consoleReporter": "spec",
        "useInlineDiffs": false,
        "code": true
      },
      "version": "7.1.3"
    },
    "marge": {
      "options": {
        "overwrite": false,
        "html": false,
        "json": true,
        "reportDir": "cypress\\reports\\html\\.jsons"
      },
      "version": "6.2.0"
    }
  }
}