{
  "stats": {
    "suites": 1,
    "tests": 10,
    "passes": 10,
    "pending": 0,
    "failures": 0,
    "start": "2025-01-21T10:20:05.042Z",
    "end": "2025-01-21T10:20:27.357Z",
    "duration": 22315,
    "testsRegistered": 10,
    "passPercent": 100,
    "pendingPercent": 0,
    "other": 0,
    "hasOther": false,
    "skipped": 0,
    "hasSkipped": false
  },
  "results": [
    {
      "uuid": "f988470c-1a3a-470e-90cc-9ceadb49bd1d",
      "title": "",
      "fullFile": "cypress\\integration\\olymp\\SmokeTest.js",
      "file": "cypress\\integration\\olymp\\SmokeTest.js",
      "beforeHooks": [],
      "afterHooks": [],
      "tests": [],
      "suites": [
        {
          "uuid": "f9af8228-2849-4ae8-bf49-d12ec1c7ac41",
          "title": "Smoke Test - Pages",
          "fullFile": "",
          "file": "",
          "beforeHooks": [],
          "afterHooks": [],
          "tests": [
            {
              "title": "Logo Check",
              "fullTitle": "Smoke Test - Pages Logo Check",
              "timedOut": null,
              "duration": 1661,
              "state": "passed",
              "speed": "fast",
              "pass": true,
              "fail": false,
              "pending": false,
              "context": null,
              "code": "this.homepage.logoCheck();",
              "err": {},
              "uuid": "4c863845-e18a-46e4-91ac-63cbbb063a75",
              "parentUUID": "f9af8228-2849-4ae8-bf49-d12ec1c7ac41",
              "isHook": false,
              "skipped": false
            },
            {
              "title": "Open Promotions Page",
              "fullTitle": "Smoke Test - Pages Open Promotions Page",
              "timedOut": null,
              "duration": 1646,
              "state": "passed",
              "speed": "fast",
              "pass": true,
              "fail": false,
              "pending": false,
              "context": null,
              "code": "cy.get(\"a\").contains(this.data.links[0].prom).click();\ncy.get(\"h1\").should(\"contain\", this.data.links[0].prom);",
              "err": {},
              "uuid": "868ff888-c2e8-46f6-97ce-0f964e1b25df",
              "parentUUID": "f9af8228-2849-4ae8-bf49-d12ec1c7ac41",
              "isHook": false,
              "skipped": false
            },
            {
              "title": "Open Analysis Page",
              "fullTitle": "Smoke Test - Pages Open Analysis Page",
              "timedOut": null,
              "duration": 1490,
              "state": "passed",
              "speed": "fast",
              "pass": true,
              "fail": false,
              "pending": false,
              "context": null,
              "code": "cy.get(\"a\").contains(this.data.links[1].analysis).click();\ncy.get(\"h1\").should(\"contain\", this.data.links[1].analysis);",
              "err": {},
              "uuid": "22908c22-513f-4b88-8824-7b4e3c3c7136",
              "parentUUID": "f9af8228-2849-4ae8-bf49-d12ec1c7ac41",
              "isHook": false,
              "skipped": false
            },
            {
              "title": "Open Locations Page",
              "fullTitle": "Smoke Test - Pages Open Locations Page",
              "timedOut": null,
              "duration": 1810,
              "state": "passed",
              "speed": "fast",
              "pass": true,
              "fail": false,
              "pending": false,
              "context": null,
              "code": "cy.get(\"a\").contains(this.data.links[2].location).click();\ncy.get(\"h1\").should(\"contain\", this.data.links[2].location);",
              "err": {},
              "uuid": "ea5056f5-f071-48f2-a19e-5609fe6754df",
              "parentUUID": "f9af8228-2849-4ae8-bf49-d12ec1c7ac41",
              "isHook": false,
              "skipped": false
            },
            {
              "title": "Open House Call Page",
              "fullTitle": "Smoke Test - Pages Open House Call Page",
              "timedOut": null,
              "duration": 1833,
              "state": "passed",
              "speed": "fast",
              "pass": true,
              "fail": false,
              "pending": false,
              "context": null,
              "code": "cy.get(\"a\").contains(this.data.links[3].call).click();\ncy.get(\"h1\").should(\"contain\", this.data.links[3].call);",
              "err": {},
              "uuid": "97c04737-a14e-474c-a130-21671f583b1e",
              "parentUUID": "f9af8228-2849-4ae8-bf49-d12ec1c7ac41",
              "isHook": false,
              "skipped": false
            },
            {
              "title": "Open About Page",
              "fullTitle": "Smoke Test - Pages Open About Page",
              "timedOut": null,
              "duration": 1947,
              "state": "passed",
              "speed": "fast",
              "pass": true,
              "fail": false,
              "pending": false,
              "context": null,
              "code": "cy.get(\"a\").contains(this.data.links[4].about).click();\ncy.get(\"h1\").should(\"contain\", this.data.links[4].about);",
              "err": {},
              "uuid": "2be3f6c3-7e6f-4079-b717-4c9880911995",
              "parentUUID": "f9af8228-2849-4ae8-bf49-d12ec1c7ac41",
              "isHook": false,
              "skipped": false
            },
            {
              "title": "Open Franchise Page",
              "fullTitle": "Smoke Test - Pages Open Franchise Page",
              "timedOut": null,
              "duration": 1861,
              "state": "passed",
              "speed": "fast",
              "pass": true,
              "fail": false,
              "pending": false,
              "context": null,
              "code": "cy.get(\"a\").contains(this.data.links[5].franchise).click();\ncy.get(\"h1\").should(\"contain\", this.data.links[5].franchise);",
              "err": {},
              "uuid": "d6c3d003-65f1-460b-a479-84550f97cd5b",
              "parentUUID": "f9af8228-2849-4ae8-bf49-d12ec1c7ac41",
              "isHook": false,
              "skipped": false
            },
            {
              "title": "Open Results Page",
              "fullTitle": "Smoke Test - Pages Open Results Page",
              "timedOut": null,
              "duration": 2041,
              "state": "passed",
              "speed": "fast",
              "pass": true,
              "fail": false,
              "pending": false,
              "context": null,
              "code": "cy.get('a[href=\"/results\"]').filter(\":visible\").click();\ncy.get(\"h1\").should(\"contain\", \"Результаты анализов\");",
              "err": {},
              "uuid": "eec816da-37d6-461b-9f7d-ca8d35e8b6a2",
              "parentUUID": "f9af8228-2849-4ae8-bf49-d12ec1c7ac41",
              "isHook": false,
              "skipped": false
            },
            {
              "title": "Open Login Page",
              "fullTitle": "Smoke Test - Pages Open Login Page",
              "timedOut": null,
              "duration": 1662,
              "state": "passed",
              "speed": "fast",
              "pass": true,
              "fail": false,
              "pending": false,
              "context": null,
              "code": "cy.get('a[href=\"/login\"]').filter(\":visible\").click();\ncy.get(\"h1\").should(\"contain\", \"Войти в личный кабинет\");",
              "err": {},
              "uuid": "1fe05aa6-cda2-49e2-af50-71fb6c857be3",
              "parentUUID": "f9af8228-2849-4ae8-bf49-d12ec1c7ac41",
              "isHook": false,
              "skipped": false
            },
            {
              "title": "ISO Check",
              "fullTitle": "Smoke Test - Pages ISO Check",
              "timedOut": null,
              "duration": 1386,
              "state": "passed",
              "speed": "fast",
              "pass": true,
              "fail": false,
              "pending": false,
              "context": null,
              "code": "this.homepage.isoCheck();",
              "err": {},
              "uuid": "b28f1ba5-27ab-413a-a09a-91aa0b3b4b30",
              "parentUUID": "f9af8228-2849-4ae8-bf49-d12ec1c7ac41",
              "isHook": false,
              "skipped": false
            }
          ],
          "suites": [],
          "passes": [
            "4c863845-e18a-46e4-91ac-63cbbb063a75",
            "868ff888-c2e8-46f6-97ce-0f964e1b25df",
            "22908c22-513f-4b88-8824-7b4e3c3c7136",
            "ea5056f5-f071-48f2-a19e-5609fe6754df",
            "97c04737-a14e-474c-a130-21671f583b1e",
            "2be3f6c3-7e6f-4079-b717-4c9880911995",
            "d6c3d003-65f1-460b-a479-84550f97cd5b",
            "eec816da-37d6-461b-9f7d-ca8d35e8b6a2",
            "1fe05aa6-cda2-49e2-af50-71fb6c857be3",
            "b28f1ba5-27ab-413a-a09a-91aa0b3b4b30"
          ],
          "failures": [],
          "pending": [],
          "skipped": [],
          "duration": 17337,
          "root": false,
          "rootEmpty": false,
          "_timeout": 2000
        }
      ],
      "passes": [],
      "failures": [],
      "pending": [],
      "skipped": [],
      "duration": 0,
      "root": true,
      "rootEmpty": true,
      "_timeout": 2000
    }
  ],
  "meta": {
    "mocha": {
      "version": "7.0.1"
    },
    "mochawesome": {
      "options": {
        "quiet": false,
        "reportFilename": "mochawesome",
        "saveHtml": false,
        "saveJson": true,
        "consoleReporter": "spec",
        "useInlineDiffs": false,
        "code": true
      },
      "version": "7.1.3"
    },
    "marge": {
      "options": {
        "overwrite": false,
        "html": false,
        "json": true,
        "reportDir": "cypress\\reports\\html\\.jsons"
      },
      "version": "6.2.0"
    }
  }
}